2019-10-04 14:48:10.812 [INFO ] org.springframework.boot.StartupInfoLogger.logStarting -
            Starting BaseApplication on TranbinLee with PID 14868 (C:\Users\Lee\Desktop\blogs_system\blogs_system_web\target\classes started by Lee in C:\Users\Lee\Desktop\blogs_system)
2019-10-04 14:48:10.815 [INFO ] org.springframework.boot.SpringApplication.logStartupProfileInfo -
            The following profiles are active: dev
2019-10-04 14:48:12.941 [INFO ] org.springframework.boot.web.embedded.tomcat.TomcatWebServer.initialize -
            Tomcat initialized with port(s): 9001 (http)
2019-10-04 14:48:12.965 [INFO ] org.apache.juli.logging.DirectJDKLog.log -
            Initializing ProtocolHandler ["http-nio-9001"]
2019-10-04 14:48:12.976 [INFO ] org.apache.juli.logging.DirectJDKLog.log -
            Starting service [Tomcat]
2019-10-04 14:48:12.978 [INFO ] org.apache.juli.logging.DirectJDKLog.log -
            Starting Servlet engine: [Apache Tomcat/9.0.26]
2019-10-04 14:48:13.204 [INFO ] org.apache.juli.logging.DirectJDKLog.log -
            Initializing Spring embedded WebApplicationContext
2019-10-04 14:48:13.205 [INFO ] org.springframework.boot.web.servlet.context.ServletWebServerApplicationContext.prepareWebApplicationContext -
            Root WebApplicationContext: initialization completed in 2279 ms
2019-10-04 14:48:13.917 [INFO ] org.springframework.scheduling.concurrent.ExecutorConfigurationSupport.initialize -
            Initializing ExecutorService 'applicationTaskExecutor'
2019-10-04 14:48:14.419 [INFO ] tk.mybatis.mapper.autoconfigure.MapperCacheDisabler.removeStaticCache -
            Clear tk.mybatis.mapper.util.MsUtil CLASS_CACHE cache.
2019-10-04 14:48:14.421 [INFO ] tk.mybatis.mapper.autoconfigure.MapperCacheDisabler.removeStaticCache -
            Clear tk.mybatis.mapper.genid.GenIdUtil CACHE cache.
2019-10-04 14:48:14.423 [INFO ] tk.mybatis.mapper.autoconfigure.MapperCacheDisabler.removeStaticCache -
            Clear tk.mybatis.mapper.version.VersionUtil CACHE cache.
2019-10-04 14:48:14.427 [INFO ] tk.mybatis.mapper.autoconfigure.MapperCacheDisabler.removeEntityHelperCache -
            Clear EntityHelper entityTableMap cache.
2019-10-04 14:48:14.815 [INFO ] org.apache.juli.logging.DirectJDKLog.log -
            Starting ProtocolHandler ["http-nio-9001"]
2019-10-04 14:48:14.892 [INFO ] org.springframework.boot.web.embedded.tomcat.TomcatWebServer.start -
            Tomcat started on port(s): 9001 (http) with context path ''
2019-10-04 14:48:14.903 [INFO ] org.springframework.boot.StartupInfoLogger.logStarted -
            Started BaseApplication in 5.301 seconds (JVM running for 7.336)
2019-10-04 14:49:24.292 [INFO ] org.springframework.boot.StartupInfoLogger.logStarting -
            Starting BaseApplication on TranbinLee with PID 10612 (C:\Users\Lee\Desktop\blogs_system\blogs_system_web\target\classes started by Lee in C:\Users\Lee\Desktop\blogs_system)
2019-10-04 14:49:24.294 [INFO ] org.springframework.boot.SpringApplication.logStartupProfileInfo -
            The following profiles are active: dev
2019-10-04 14:49:26.420 [INFO ] org.springframework.boot.web.embedded.tomcat.TomcatWebServer.initialize -
            Tomcat initialized with port(s): 9001 (http)
2019-10-04 14:49:26.440 [INFO ] org.apache.juli.logging.DirectJDKLog.log -
            Initializing ProtocolHandler ["http-nio-9001"]
2019-10-04 14:49:26.451 [INFO ] org.apache.juli.logging.DirectJDKLog.log -
            Starting service [Tomcat]
2019-10-04 14:49:26.452 [INFO ] org.apache.juli.logging.DirectJDKLog.log -
            Starting Servlet engine: [Apache Tomcat/9.0.26]
2019-10-04 14:49:26.673 [INFO ] org.apache.juli.logging.DirectJDKLog.log -
            Initializing Spring embedded WebApplicationContext
2019-10-04 14:49:26.673 [INFO ] org.springframework.boot.web.servlet.context.ServletWebServerApplicationContext.prepareWebApplicationContext -
            Root WebApplicationContext: initialization completed in 2304 ms
2019-10-04 14:49:27.405 [INFO ] org.springframework.scheduling.concurrent.ExecutorConfigurationSupport.initialize -
            Initializing ExecutorService 'applicationTaskExecutor'
2019-10-04 14:49:27.704 [INFO ] tk.mybatis.mapper.autoconfigure.MapperCacheDisabler.removeStaticCache -
            Clear tk.mybatis.mapper.util.MsUtil CLASS_CACHE cache.
2019-10-04 14:49:27.705 [INFO ] tk.mybatis.mapper.autoconfigure.MapperCacheDisabler.removeStaticCache -
            Clear tk.mybatis.mapper.genid.GenIdUtil CACHE cache.
2019-10-04 14:49:27.707 [INFO ] tk.mybatis.mapper.autoconfigure.MapperCacheDisabler.removeStaticCache -
            Clear tk.mybatis.mapper.version.VersionUtil CACHE cache.
2019-10-04 14:49:27.710 [INFO ] tk.mybatis.mapper.autoconfigure.MapperCacheDisabler.removeEntityHelperCache -
            Clear EntityHelper entityTableMap cache.
2019-10-04 14:49:27.927 [INFO ] org.apache.juli.logging.DirectJDKLog.log -
            Starting ProtocolHandler ["http-nio-9001"]
2019-10-04 14:49:27.958 [INFO ] org.springframework.boot.web.embedded.tomcat.TomcatWebServer.start -
            Tomcat started on port(s): 9001 (http) with context path ''
2019-10-04 14:49:27.963 [INFO ] org.springframework.boot.StartupInfoLogger.logStarted -
            Started BaseApplication in 4.725 seconds (JVM running for 7.275)
2019-10-04 14:50:37.298 [INFO ] org.apache.juli.logging.DirectJDKLog.log -
            Initializing Spring DispatcherServlet 'dispatcherServlet'
2019-10-04 14:50:37.299 [INFO ] org.springframework.web.servlet.FrameworkServlet.initServletBean -
            Initializing Servlet 'dispatcherServlet'
2019-10-04 14:50:37.309 [INFO ] org.springframework.web.servlet.FrameworkServlet.initServletBean -
            Completed initialization in 10 ms
2019-10-04 14:50:37.402 [INFO ] com.zaxxer.hikari.HikariDataSource.getConnection -
            HikariPool-1 - Starting...
2019-10-04 14:50:39.087 [INFO ] com.zaxxer.hikari.HikariDataSource.getConnection -
            HikariPool-1 - Start completed.
2019-10-04 14:55:46.319 [INFO ] org.springframework.boot.StartupInfoLogger.logStarting -
            Starting BaseApplication on TranbinLee with PID 17212 (C:\Users\Lee\Desktop\blogs_system\blogs_system_web\target\classes started by Lee in C:\Users\Lee\Desktop\blogs_system)
2019-10-04 14:55:46.322 [INFO ] org.springframework.boot.SpringApplication.logStartupProfileInfo -
            The following profiles are active: dev
2019-10-04 14:55:48.313 [INFO ] org.springframework.boot.web.embedded.tomcat.TomcatWebServer.initialize -
            Tomcat initialized with port(s): 9001 (http)
2019-10-04 14:55:48.341 [INFO ] org.apache.juli.logging.DirectJDKLog.log -
            Initializing ProtocolHandler ["http-nio-9001"]
2019-10-04 14:55:48.352 [INFO ] org.apache.juli.logging.DirectJDKLog.log -
            Starting service [Tomcat]
2019-10-04 14:55:48.354 [INFO ] org.apache.juli.logging.DirectJDKLog.log -
            Starting Servlet engine: [Apache Tomcat/9.0.26]
2019-10-04 14:55:48.615 [INFO ] org.apache.juli.logging.DirectJDKLog.log -
            Initializing Spring embedded WebApplicationContext
2019-10-04 14:55:48.615 [INFO ] org.springframework.boot.web.servlet.context.ServletWebServerApplicationContext.prepareWebApplicationContext -
            Root WebApplicationContext: initialization completed in 2179 ms
2019-10-04 14:55:49.236 [INFO ] org.springframework.scheduling.concurrent.ExecutorConfigurationSupport.initialize -
            Initializing ExecutorService 'applicationTaskExecutor'
2019-10-04 14:55:49.547 [INFO ] tk.mybatis.mapper.autoconfigure.MapperCacheDisabler.removeStaticCache -
            Clear tk.mybatis.mapper.util.MsUtil CLASS_CACHE cache.
2019-10-04 14:55:49.548 [INFO ] tk.mybatis.mapper.autoconfigure.MapperCacheDisabler.removeStaticCache -
            Clear tk.mybatis.mapper.genid.GenIdUtil CACHE cache.
2019-10-04 14:55:49.549 [INFO ] tk.mybatis.mapper.autoconfigure.MapperCacheDisabler.removeStaticCache -
            Clear tk.mybatis.mapper.version.VersionUtil CACHE cache.
2019-10-04 14:55:49.551 [INFO ] tk.mybatis.mapper.autoconfigure.MapperCacheDisabler.removeEntityHelperCache -
            Clear EntityHelper entityTableMap cache.
2019-10-04 14:55:49.776 [INFO ] org.apache.juli.logging.DirectJDKLog.log -
            Starting ProtocolHandler ["http-nio-9001"]
2019-10-04 14:55:49.809 [INFO ] org.springframework.boot.web.embedded.tomcat.TomcatWebServer.start -
            Tomcat started on port(s): 9001 (http) with context path ''
2019-10-04 14:55:49.813 [INFO ] org.springframework.boot.StartupInfoLogger.logStarted -
            Started BaseApplication in 4.439 seconds (JVM running for 6.697)
2019-10-04 17:33:24.457 [INFO ] org.springframework.boot.StartupInfoLogger.logStarting -
            Starting BaseApplication on TranbinLee with PID 16084 (C:\Users\Lee\Desktop\blogs_system\blogs_system_web\target\classes started by Lee in C:\Users\Lee\Desktop\blogs_system)
2019-10-04 17:33:24.463 [INFO ] org.springframework.boot.SpringApplication.logStartupProfileInfo -
            The following profiles are active: dev
2019-10-04 17:33:27.536 [INFO ] org.springframework.boot.web.embedded.tomcat.TomcatWebServer.initialize -
            Tomcat initialized with port(s): 9001 (http)
2019-10-04 17:33:27.561 [INFO ] org.apache.juli.logging.DirectJDKLog.log -
            Initializing ProtocolHandler ["http-nio-9001"]
2019-10-04 17:33:27.573 [INFO ] org.apache.juli.logging.DirectJDKLog.log -
            Starting service [Tomcat]
2019-10-04 17:33:27.574 [INFO ] org.apache.juli.logging.DirectJDKLog.log -
            Starting Servlet engine: [Apache Tomcat/9.0.26]
2019-10-04 17:33:27.876 [INFO ] org.apache.juli.logging.DirectJDKLog.log -
            Initializing Spring embedded WebApplicationContext
2019-10-04 17:33:27.877 [INFO ] org.springframework.boot.web.servlet.context.ServletWebServerApplicationContext.prepareWebApplicationContext -
            Root WebApplicationContext: initialization completed in 3197 ms
2019-10-04 17:33:28.679 [INFO ] org.springframework.scheduling.concurrent.ExecutorConfigurationSupport.initialize -
            Initializing ExecutorService 'applicationTaskExecutor'
2019-10-04 17:33:29.222 [INFO ] tk.mybatis.mapper.autoconfigure.MapperCacheDisabler.removeStaticCache -
            Clear tk.mybatis.mapper.util.MsUtil CLASS_CACHE cache.
2019-10-04 17:33:29.223 [INFO ] tk.mybatis.mapper.autoconfigure.MapperCacheDisabler.removeStaticCache -
            Clear tk.mybatis.mapper.genid.GenIdUtil CACHE cache.
2019-10-04 17:33:29.224 [INFO ] tk.mybatis.mapper.autoconfigure.MapperCacheDisabler.removeStaticCache -
            Clear tk.mybatis.mapper.version.VersionUtil CACHE cache.
2019-10-04 17:33:29.227 [INFO ] tk.mybatis.mapper.autoconfigure.MapperCacheDisabler.removeEntityHelperCache -
            Clear EntityHelper entityTableMap cache.
2019-10-04 17:33:29.996 [INFO ] org.apache.juli.logging.DirectJDKLog.log -
            Starting ProtocolHandler ["http-nio-9001"]
2019-10-04 17:33:30.140 [INFO ] org.springframework.boot.web.embedded.tomcat.TomcatWebServer.start -
            Tomcat started on port(s): 9001 (http) with context path ''
2019-10-04 17:33:30.156 [INFO ] org.springframework.boot.StartupInfoLogger.logStarted -
            Started BaseApplication in 7.244 seconds (JVM running for 11.092)
2019-10-04 17:41:35.300 [INFO ] org.springframework.scheduling.concurrent.ExecutorConfigurationSupport.shutdown -
            Shutting down ExecutorService 'applicationTaskExecutor'
2019-10-04 17:43:51.686 [INFO ] org.springframework.boot.StartupInfoLogger.logStarting -
            Starting BaseApplication on TranbinLee with PID 19132 (C:\Users\Lee\Desktop\blogs_system\blogs_system_web\target\classes started by Lee in C:\Users\Lee\Desktop\blogs_system)
2019-10-04 17:43:51.688 [INFO ] org.springframework.boot.SpringApplication.logStartupProfileInfo -
            The following profiles are active: dev
2019-10-04 17:43:54.299 [INFO ] org.springframework.boot.web.embedded.tomcat.TomcatWebServer.initialize -
            Tomcat initialized with port(s): 9001 (http)
2019-10-04 17:43:54.332 [INFO ] org.apache.juli.logging.DirectJDKLog.log -
            Initializing ProtocolHandler ["http-nio-9001"]
2019-10-04 17:43:54.348 [INFO ] org.apache.juli.logging.DirectJDKLog.log -
            Starting service [Tomcat]
2019-10-04 17:43:54.350 [INFO ] org.apache.juli.logging.DirectJDKLog.log -
            Starting Servlet engine: [Apache Tomcat/9.0.26]
2019-10-04 17:43:54.604 [INFO ] org.apache.juli.logging.DirectJDKLog.log -
            Initializing Spring embedded WebApplicationContext
2019-10-04 17:43:54.605 [INFO ] org.springframework.boot.web.servlet.context.ServletWebServerApplicationContext.prepareWebApplicationContext -
            Root WebApplicationContext: initialization completed in 2785 ms
2019-10-04 17:43:55.661 [INFO ] org.springframework.scheduling.concurrent.ExecutorConfigurationSupport.initialize -
            Initializing ExecutorService 'applicationTaskExecutor'
2019-10-04 17:43:56.104 [INFO ] tk.mybatis.mapper.autoconfigure.MapperCacheDisabler.removeStaticCache -
            Clear tk.mybatis.mapper.util.MsUtil CLASS_CACHE cache.
2019-10-04 17:43:56.106 [INFO ] tk.mybatis.mapper.autoconfigure.MapperCacheDisabler.removeStaticCache -
            Clear tk.mybatis.mapper.genid.GenIdUtil CACHE cache.
2019-10-04 17:43:56.109 [INFO ] tk.mybatis.mapper.autoconfigure.MapperCacheDisabler.removeStaticCache -
            Clear tk.mybatis.mapper.version.VersionUtil CACHE cache.
2019-10-04 17:43:56.113 [INFO ] tk.mybatis.mapper.autoconfigure.MapperCacheDisabler.removeEntityHelperCache -
            Clear EntityHelper entityTableMap cache.
2019-10-04 17:43:56.485 [INFO ] org.apache.juli.logging.DirectJDKLog.log -
            Starting ProtocolHandler ["http-nio-9001"]
2019-10-04 17:43:56.547 [INFO ] org.springframework.boot.web.embedded.tomcat.TomcatWebServer.start -
            Tomcat started on port(s): 9001 (http) with context path ''
2019-10-04 17:43:56.554 [INFO ] org.springframework.boot.StartupInfoLogger.logStarted -
            Started BaseApplication in 6.004 seconds (JVM running for 8.826)
2019-10-04 17:44:00.862 [INFO ] org.apache.juli.logging.DirectJDKLog.log -
            Initializing Spring DispatcherServlet 'dispatcherServlet'
2019-10-04 17:44:00.863 [INFO ] org.springframework.web.servlet.FrameworkServlet.initServletBean -
            Initializing Servlet 'dispatcherServlet'
2019-10-04 17:44:00.878 [INFO ] org.springframework.web.servlet.FrameworkServlet.initServletBean -
            Completed initialization in 14 ms
2019-10-04 17:44:01.241 [INFO ] cn.reloadgoals.common.exception.GlobalExceptionHandler.processException -
            Exception:nested exception is org.apache.ibatis.builder.BuilderException: Error invoking SqlProvider method (tk.mybatis.mapper.provider.base.BaseInsertProvider.dynamicSQL).  Cause: java.lang.InstantiationException: tk.mybatis.mapper.provider.base.BaseInsertProvider 发生位置为： org.mybatis.spring.MyBatisExceptionTranslator translateExceptionIfPossible [77] 
2019-10-04 17:45:54.420 [INFO ] cn.reloadgoals.common.exception.GlobalExceptionHandler.processException -
            Exception:nested exception is org.apache.ibatis.builder.BuilderException: Error invoking SqlProvider method (tk.mybatis.mapper.provider.base.BaseInsertProvider.dynamicSQL).  Cause: java.lang.InstantiationException: tk.mybatis.mapper.provider.base.BaseInsertProvider 发生位置为： org.mybatis.spring.MyBatisExceptionTranslator translateExceptionIfPossible [77] 
2019-10-04 17:46:14.391 [INFO ] cn.reloadgoals.common.exception.GlobalExceptionHandler.processException -
            Exception:nested exception is org.apache.ibatis.builder.BuilderException: Error invoking SqlProvider method (tk.mybatis.mapper.provider.base.BaseInsertProvider.dynamicSQL).  Cause: java.lang.InstantiationException: tk.mybatis.mapper.provider.base.BaseInsertProvider 发生位置为： org.mybatis.spring.MyBatisExceptionTranslator translateExceptionIfPossible [77] 
2019-10-04 17:47:16.246 [INFO ] cn.reloadgoals.common.exception.GlobalExceptionHandler.processException -
            Exception:nested exception is org.apache.ibatis.builder.BuilderException: Error invoking SqlProvider method (tk.mybatis.mapper.provider.base.BaseInsertProvider.dynamicSQL).  Cause: java.lang.InstantiationException: tk.mybatis.mapper.provider.base.BaseInsertProvider 发生位置为： org.mybatis.spring.MyBatisExceptionTranslator translateExceptionIfPossible [77] 
2019-10-04 17:47:22.993 [INFO ] cn.reloadgoals.common.exception.GlobalExceptionHandler.processException -
            Exception:nested exception is org.apache.ibatis.builder.BuilderException: Error invoking SqlProvider method (tk.mybatis.mapper.provider.base.BaseInsertProvider.dynamicSQL).  Cause: java.lang.InstantiationException: tk.mybatis.mapper.provider.base.BaseInsertProvider 发生位置为： org.mybatis.spring.MyBatisExceptionTranslator translateExceptionIfPossible [77] 
2019-10-04 17:48:18.017 [INFO ] cn.reloadgoals.common.exception.GlobalExceptionHandler.processException -
            Exception:nested exception is org.apache.ibatis.builder.BuilderException: Error invoking SqlProvider method (tk.mybatis.mapper.provider.base.BaseInsertProvider.dynamicSQL).  Cause: java.lang.InstantiationException: tk.mybatis.mapper.provider.base.BaseInsertProvider 发生位置为： org.mybatis.spring.MyBatisExceptionTranslator translateExceptionIfPossible [77] 
2019-10-04 17:49:26.756 [INFO ] org.springframework.scheduling.concurrent.ExecutorConfigurationSupport.shutdown -
            Shutting down ExecutorService 'applicationTaskExecutor'
2019-10-04 17:49:36.254 [INFO ] org.springframework.boot.StartupInfoLogger.logStarting -
            Starting BaseApplication on TranbinLee with PID 18944 (C:\Users\Lee\Desktop\blogs_system\blogs_system_web\target\classes started by Lee in C:\Users\Lee\Desktop\blogs_system)
2019-10-04 17:49:36.257 [INFO ] org.springframework.boot.SpringApplication.logStartupProfileInfo -
            The following profiles are active: dev
2019-10-04 17:49:38.352 [INFO ] org.springframework.boot.web.embedded.tomcat.TomcatWebServer.initialize -
            Tomcat initialized with port(s): 9001 (http)
2019-10-04 17:49:38.378 [INFO ] org.apache.juli.logging.DirectJDKLog.log -
            Initializing ProtocolHandler ["http-nio-9001"]
2019-10-04 17:49:38.405 [INFO ] org.apache.juli.logging.DirectJDKLog.log -
            Starting service [Tomcat]
2019-10-04 17:49:38.407 [INFO ] org.apache.juli.logging.DirectJDKLog.log -
            Starting Servlet engine: [Apache Tomcat/9.0.26]
2019-10-04 17:49:38.638 [INFO ] org.apache.juli.logging.DirectJDKLog.log -
            Initializing Spring embedded WebApplicationContext
2019-10-04 17:49:38.639 [INFO ] org.springframework.boot.web.servlet.context.ServletWebServerApplicationContext.prepareWebApplicationContext -
            Root WebApplicationContext: initialization completed in 2288 ms
2019-10-04 17:49:39.609 [INFO ] org.springframework.scheduling.concurrent.ExecutorConfigurationSupport.initialize -
            Initializing ExecutorService 'applicationTaskExecutor'
2019-10-04 17:49:40.000 [INFO ] tk.mybatis.mapper.autoconfigure.MapperCacheDisabler.removeStaticCache -
            Clear tk.mybatis.mapper.util.MsUtil CLASS_CACHE cache.
2019-10-04 17:49:40.002 [INFO ] tk.mybatis.mapper.autoconfigure.MapperCacheDisabler.removeStaticCache -
            Clear tk.mybatis.mapper.genid.GenIdUtil CACHE cache.
2019-10-04 17:49:40.010 [INFO ] tk.mybatis.mapper.autoconfigure.MapperCacheDisabler.removeStaticCache -
            Clear tk.mybatis.mapper.version.VersionUtil CACHE cache.
2019-10-04 17:49:40.018 [INFO ] tk.mybatis.mapper.autoconfigure.MapperCacheDisabler.removeEntityHelperCache -
            Clear EntityHelper entityTableMap cache.
2019-10-04 17:49:40.403 [INFO ] org.apache.juli.logging.DirectJDKLog.log -
            Starting ProtocolHandler ["http-nio-9001"]
2019-10-04 17:49:40.471 [INFO ] org.springframework.boot.web.embedded.tomcat.TomcatWebServer.start -
            Tomcat started on port(s): 9001 (http) with context path ''
2019-10-04 17:49:40.482 [INFO ] org.springframework.boot.StartupInfoLogger.logStarted -
            Started BaseApplication in 5.212 seconds (JVM running for 7.822)
2019-10-04 17:49:46.917 [INFO ] org.apache.juli.logging.DirectJDKLog.log -
            Initializing Spring DispatcherServlet 'dispatcherServlet'
2019-10-04 17:49:46.919 [INFO ] org.springframework.web.servlet.FrameworkServlet.initServletBean -
            Initializing Servlet 'dispatcherServlet'
2019-10-04 17:49:46.933 [INFO ] org.springframework.web.servlet.FrameworkServlet.initServletBean -
            Completed initialization in 14 ms
2019-10-04 17:49:51.122 [INFO ] cn.reloadgoals.common.exception.GlobalExceptionHandler.processException -
            Exception:nested exception is org.apache.ibatis.builder.BuilderException: Error invoking SqlProvider method (tk.mybatis.mapper.provider.base.BaseInsertProvider.dynamicSQL).  Cause: java.lang.InstantiationException: tk.mybatis.mapper.provider.base.BaseInsertProvider 发生位置为： org.mybatis.spring.MyBatisExceptionTranslator translateExceptionIfPossible [77] 
2019-10-04 17:50:40.204 [INFO ] cn.reloadgoals.common.exception.GlobalExceptionHandler.processException -
            Exception:nested exception is org.apache.ibatis.builder.BuilderException: Error invoking SqlProvider method (tk.mybatis.mapper.provider.base.BaseInsertProvider.dynamicSQL).  Cause: java.lang.InstantiationException: tk.mybatis.mapper.provider.base.BaseInsertProvider 发生位置为： org.mybatis.spring.MyBatisExceptionTranslator translateExceptionIfPossible [77] 
2019-10-04 17:50:49.836 [INFO ] cn.reloadgoals.common.exception.GlobalExceptionHandler.processException -
            Exception:nested exception is org.apache.ibatis.builder.BuilderException: Error invoking SqlProvider method (tk.mybatis.mapper.provider.base.BaseInsertProvider.dynamicSQL).  Cause: java.lang.InstantiationException: tk.mybatis.mapper.provider.base.BaseInsertProvider 发生位置为： org.mybatis.spring.MyBatisExceptionTranslator translateExceptionIfPossible [77] 
2019-10-04 17:53:03.196 [INFO ] org.springframework.scheduling.concurrent.ExecutorConfigurationSupport.shutdown -
            Shutting down ExecutorService 'applicationTaskExecutor'
2019-10-04 17:53:15.893 [INFO ] org.springframework.boot.StartupInfoLogger.logStarting -
            Starting BaseApplication on TranbinLee with PID 19372 (C:\Users\Lee\Desktop\blogs_system\blogs_system_web\target\classes started by Lee in C:\Users\Lee\Desktop\blogs_system)
2019-10-04 17:53:15.896 [INFO ] org.springframework.boot.SpringApplication.logStartupProfileInfo -
            The following profiles are active: dev
2019-10-04 17:53:18.094 [INFO ] org.springframework.boot.web.embedded.tomcat.TomcatWebServer.initialize -
            Tomcat initialized with port(s): 9001 (http)
2019-10-04 17:53:18.145 [INFO ] org.apache.juli.logging.DirectJDKLog.log -
            Initializing ProtocolHandler ["http-nio-9001"]
2019-10-04 17:53:18.158 [INFO ] org.apache.juli.logging.DirectJDKLog.log -
            Starting service [Tomcat]
2019-10-04 17:53:18.160 [INFO ] org.apache.juli.logging.DirectJDKLog.log -
            Starting Servlet engine: [Apache Tomcat/9.0.26]
2019-10-04 17:53:18.398 [INFO ] org.apache.juli.logging.DirectJDKLog.log -
            Initializing Spring embedded WebApplicationContext
2019-10-04 17:53:18.399 [INFO ] org.springframework.boot.web.servlet.context.ServletWebServerApplicationContext.prepareWebApplicationContext -
            Root WebApplicationContext: initialization completed in 2418 ms
2019-10-04 17:53:19.223 [INFO ] org.springframework.scheduling.concurrent.ExecutorConfigurationSupport.initialize -
            Initializing ExecutorService 'applicationTaskExecutor'
2019-10-04 17:53:19.525 [INFO ] tk.mybatis.mapper.autoconfigure.MapperCacheDisabler.removeStaticCache -
            Clear tk.mybatis.mapper.util.MsUtil CLASS_CACHE cache.
2019-10-04 17:53:19.526 [INFO ] tk.mybatis.mapper.autoconfigure.MapperCacheDisabler.removeStaticCache -
            Clear tk.mybatis.mapper.genid.GenIdUtil CACHE cache.
2019-10-04 17:53:19.528 [INFO ] tk.mybatis.mapper.autoconfigure.MapperCacheDisabler.removeStaticCache -
            Clear tk.mybatis.mapper.version.VersionUtil CACHE cache.
2019-10-04 17:53:19.531 [INFO ] tk.mybatis.mapper.autoconfigure.MapperCacheDisabler.removeEntityHelperCache -
            Clear EntityHelper entityTableMap cache.
2019-10-04 17:53:19.859 [INFO ] org.apache.juli.logging.DirectJDKLog.log -
            Starting ProtocolHandler ["http-nio-9001"]
2019-10-04 17:53:19.918 [INFO ] org.springframework.boot.web.embedded.tomcat.TomcatWebServer.start -
            Tomcat started on port(s): 9001 (http) with context path ''
2019-10-04 17:53:19.924 [INFO ] org.springframework.boot.StartupInfoLogger.logStarted -
            Started BaseApplication in 5.082 seconds (JVM running for 7.664)
2019-10-04 17:53:25.404 [INFO ] org.apache.juli.logging.DirectJDKLog.log -
            Initializing Spring DispatcherServlet 'dispatcherServlet'
2019-10-04 17:53:25.404 [INFO ] org.springframework.web.servlet.FrameworkServlet.initServletBean -
            Initializing Servlet 'dispatcherServlet'
2019-10-04 17:53:25.418 [INFO ] org.springframework.web.servlet.FrameworkServlet.initServletBean -
            Completed initialization in 14 ms
2019-10-04 17:53:25.672 [INFO ] cn.reloadgoals.common.exception.GlobalExceptionHandler.processException -
            Exception:nested exception is org.apache.ibatis.builder.BuilderException: Error invoking SqlProvider method (tk.mybatis.mapper.provider.base.BaseInsertProvider.dynamicSQL).  Cause: java.lang.InstantiationException: tk.mybatis.mapper.provider.base.BaseInsertProvider 发生位置为： org.mybatis.spring.MyBatisExceptionTranslator translateExceptionIfPossible [77] 
2019-10-04 17:54:08.881 [INFO ] cn.reloadgoals.common.exception.GlobalExceptionHandler.processException -
            Exception:nested exception is org.apache.ibatis.builder.BuilderException: Error invoking SqlProvider method (tk.mybatis.mapper.provider.base.BaseInsertProvider.dynamicSQL).  Cause: java.lang.InstantiationException: tk.mybatis.mapper.provider.base.BaseInsertProvider 发生位置为： org.mybatis.spring.MyBatisExceptionTranslator translateExceptionIfPossible [77] 
2019-10-04 17:54:14.654 [INFO ] cn.reloadgoals.common.exception.GlobalExceptionHandler.processException -
            Exception:nested exception is org.apache.ibatis.builder.BuilderException: Error invoking SqlProvider method (tk.mybatis.mapper.provider.base.BaseInsertProvider.dynamicSQL).  Cause: java.lang.InstantiationException: tk.mybatis.mapper.provider.base.BaseInsertProvider 发生位置为： org.mybatis.spring.MyBatisExceptionTranslator translateExceptionIfPossible [77] 
2019-10-04 17:55:56.517 [INFO ] org.springframework.scheduling.concurrent.ExecutorConfigurationSupport.shutdown -
            Shutting down ExecutorService 'applicationTaskExecutor'
2019-10-04 17:56:08.459 [INFO ] org.springframework.boot.StartupInfoLogger.logStarting -
            Starting BaseApplication on TranbinLee with PID 19380 (C:\Users\Lee\Desktop\blogs_system\blogs_system_web\target\classes started by Lee in C:\Users\Lee\Desktop\blogs_system)
2019-10-04 17:56:08.462 [INFO ] org.springframework.boot.SpringApplication.logStartupProfileInfo -
            The following profiles are active: dev
2019-10-04 17:56:10.926 [INFO ] org.springframework.boot.web.embedded.tomcat.TomcatWebServer.initialize -
            Tomcat initialized with port(s): 9001 (http)
2019-10-04 17:56:10.979 [INFO ] org.apache.juli.logging.DirectJDKLog.log -
            Initializing ProtocolHandler ["http-nio-9001"]
2019-10-04 17:56:10.998 [INFO ] org.apache.juli.logging.DirectJDKLog.log -
            Starting service [Tomcat]
2019-10-04 17:56:11.001 [INFO ] org.apache.juli.logging.DirectJDKLog.log -
            Starting Servlet engine: [Apache Tomcat/9.0.26]
2019-10-04 17:56:11.299 [INFO ] org.apache.juli.logging.DirectJDKLog.log -
            Initializing Spring embedded WebApplicationContext
2019-10-04 17:56:11.300 [INFO ] org.springframework.boot.web.servlet.context.ServletWebServerApplicationContext.prepareWebApplicationContext -
            Root WebApplicationContext: initialization completed in 2736 ms
2019-10-04 17:56:12.165 [INFO ] org.springframework.scheduling.concurrent.ExecutorConfigurationSupport.initialize -
            Initializing ExecutorService 'applicationTaskExecutor'
2019-10-04 17:56:12.406 [INFO ] tk.mybatis.mapper.autoconfigure.MapperCacheDisabler.removeStaticCache -
            Clear tk.mybatis.mapper.util.MsUtil CLASS_CACHE cache.
2019-10-04 17:56:12.407 [INFO ] tk.mybatis.mapper.autoconfigure.MapperCacheDisabler.removeStaticCache -
            Clear tk.mybatis.mapper.genid.GenIdUtil CACHE cache.
2019-10-04 17:56:12.408 [INFO ] tk.mybatis.mapper.autoconfigure.MapperCacheDisabler.removeStaticCache -
            Clear tk.mybatis.mapper.version.VersionUtil CACHE cache.
2019-10-04 17:56:12.411 [INFO ] tk.mybatis.mapper.autoconfigure.MapperCacheDisabler.removeEntityHelperCache -
            Clear EntityHelper entityTableMap cache.
2019-10-04 17:56:12.695 [INFO ] org.apache.juli.logging.DirectJDKLog.log -
            Starting ProtocolHandler ["http-nio-9001"]
2019-10-04 17:56:12.791 [INFO ] org.springframework.boot.web.embedded.tomcat.TomcatWebServer.start -
            Tomcat started on port(s): 9001 (http) with context path ''
2019-10-04 17:56:12.800 [INFO ] org.springframework.boot.StartupInfoLogger.logStarted -
            Started BaseApplication in 5.508 seconds (JVM running for 9.757)
2019-10-04 17:56:16.209 [INFO ] org.apache.juli.logging.DirectJDKLog.log -
            Initializing Spring DispatcherServlet 'dispatcherServlet'
2019-10-04 17:56:16.211 [INFO ] org.springframework.web.servlet.FrameworkServlet.initServletBean -
            Initializing Servlet 'dispatcherServlet'
2019-10-04 17:56:16.233 [INFO ] org.springframework.web.servlet.FrameworkServlet.initServletBean -
            Completed initialization in 21 ms
2019-10-04 17:56:16.468 [INFO ] cn.reloadgoals.common.exception.GlobalExceptionHandler.processException -
            Exception:nested exception is org.apache.ibatis.builder.BuilderException: Error invoking SqlProvider method (tk.mybatis.mapper.provider.base.BaseInsertProvider.dynamicSQL).  Cause: java.lang.InstantiationException: tk.mybatis.mapper.provider.base.BaseInsertProvider 发生位置为： org.mybatis.spring.MyBatisExceptionTranslator translateExceptionIfPossible [77] 
2019-10-04 18:00:58.549 [INFO ] org.springframework.scheduling.concurrent.ExecutorConfigurationSupport.shutdown -
            Shutting down ExecutorService 'applicationTaskExecutor'
2019-10-04 18:01:10.020 [INFO ] org.springframework.boot.StartupInfoLogger.logStarting -
            Starting BaseApplication on TranbinLee with PID 11132 (C:\Users\Lee\Desktop\blogs_system\blogs_system_web\target\classes started by Lee in C:\Users\Lee\Desktop\blogs_system)
2019-10-04 18:01:10.022 [INFO ] org.springframework.boot.SpringApplication.logStartupProfileInfo -
            The following profiles are active: dev
2019-10-04 18:01:12.666 [INFO ] org.springframework.boot.web.embedded.tomcat.TomcatWebServer.initialize -
            Tomcat initialized with port(s): 9001 (http)
2019-10-04 18:01:12.696 [INFO ] org.apache.juli.logging.DirectJDKLog.log -
            Initializing ProtocolHandler ["http-nio-9001"]
2019-10-04 18:01:12.740 [INFO ] org.apache.juli.logging.DirectJDKLog.log -
            Starting service [Tomcat]
2019-10-04 18:01:12.741 [INFO ] org.apache.juli.logging.DirectJDKLog.log -
            Starting Servlet engine: [Apache Tomcat/9.0.26]
2019-10-04 18:01:13.069 [INFO ] org.apache.juli.logging.DirectJDKLog.log -
            Initializing Spring embedded WebApplicationContext
2019-10-04 18:01:13.069 [INFO ] org.springframework.boot.web.servlet.context.ServletWebServerApplicationContext.prepareWebApplicationContext -
            Root WebApplicationContext: initialization completed in 2958 ms
2019-10-04 18:01:14.068 [INFO ] org.springframework.scheduling.concurrent.ExecutorConfigurationSupport.initialize -
            Initializing ExecutorService 'applicationTaskExecutor'
2019-10-04 18:01:14.360 [INFO ] tk.mybatis.mapper.autoconfigure.MapperCacheDisabler.removeStaticCache -
            Clear tk.mybatis.mapper.util.MsUtil CLASS_CACHE cache.
2019-10-04 18:01:14.361 [INFO ] tk.mybatis.mapper.autoconfigure.MapperCacheDisabler.removeStaticCache -
            Clear tk.mybatis.mapper.genid.GenIdUtil CACHE cache.
2019-10-04 18:01:14.367 [INFO ] tk.mybatis.mapper.autoconfigure.MapperCacheDisabler.removeStaticCache -
            Clear tk.mybatis.mapper.version.VersionUtil CACHE cache.
2019-10-04 18:01:14.375 [INFO ] tk.mybatis.mapper.autoconfigure.MapperCacheDisabler.removeEntityHelperCache -
            Clear EntityHelper entityTableMap cache.
2019-10-04 18:01:14.794 [INFO ] org.apache.juli.logging.DirectJDKLog.log -
            Starting ProtocolHandler ["http-nio-9001"]
2019-10-04 18:01:14.839 [INFO ] org.springframework.boot.web.embedded.tomcat.TomcatWebServer.start -
            Tomcat started on port(s): 9001 (http) with context path ''
2019-10-04 18:01:14.844 [INFO ] org.springframework.boot.StartupInfoLogger.logStarted -
            Started BaseApplication in 5.697 seconds (JVM running for 9.072)
2019-10-04 18:01:20.047 [INFO ] org.apache.juli.logging.DirectJDKLog.log -
            Initializing Spring DispatcherServlet 'dispatcherServlet'
2019-10-04 18:01:20.047 [INFO ] org.springframework.web.servlet.FrameworkServlet.initServletBean -
            Initializing Servlet 'dispatcherServlet'
2019-10-04 18:01:20.071 [INFO ] org.springframework.web.servlet.FrameworkServlet.initServletBean -
            Completed initialization in 24 ms
2019-10-04 18:01:20.331 [INFO ] cn.reloadgoals.common.exception.GlobalExceptionHandler.processException -
            Exception:nested exception is org.apache.ibatis.builder.BuilderException: Error invoking SqlProvider method (tk.mybatis.mapper.provider.base.BaseInsertProvider.dynamicSQL).  Cause: java.lang.InstantiationException: tk.mybatis.mapper.provider.base.BaseInsertProvider 发生位置为： org.mybatis.spring.MyBatisExceptionTranslator translateExceptionIfPossible [77] 
2019-10-04 18:02:05.981 [INFO ] org.springframework.scheduling.concurrent.ExecutorConfigurationSupport.shutdown -
            Shutting down ExecutorService 'applicationTaskExecutor'
