2019-10-04 14:48:12.062 [WARN ] tk.mybatis.spring.mapper.ClassPathMapperScanner.doScan -
            No MyBatis mapper was found in '[cn.reloadgoals.web]' package. Please check your configuration.
2019-10-04 14:48:14.320 [WARN ] org.springframework.boot.autoconfigure.thymeleaf.ThymeleafAutoConfiguration$DefaultTemplateResolverConfiguration.checkTemplateLocationExists -
            Cannot find template location: classpath:/templates/ (please add some templates or check your Thymeleaf configuration)
2019-10-04 14:49:25.487 [WARN ] tk.mybatis.spring.mapper.ClassPathMapperScanner.doScan -
            No MyBatis mapper was found in '[cn.reloadgoals.web]' package. Please check your configuration.
2019-10-04 14:49:27.653 [WARN ] org.springframework.boot.autoconfigure.thymeleaf.ThymeleafAutoConfiguration$DefaultTemplateResolverConfiguration.checkTemplateLocationExists -
            Cannot find template location: classpath:/templates/ (please add some templates or check your Thymeleaf configuration)
2019-10-04 14:50:37.410 [WARN ] com.zaxxer.hikari.util.DriverDataSource.<init> -
            Registered driver with driverClassName=com.mysql.jdbc.Driver was not found, trying direct instantiation.
2019-10-04 14:55:47.426 [WARN ] tk.mybatis.spring.mapper.ClassPathMapperScanner.doScan -
            No MyBatis mapper was found in '[cn.reloadgoals.web]' package. Please check your configuration.
2019-10-04 14:55:49.494 [WARN ] org.springframework.boot.autoconfigure.thymeleaf.ThymeleafAutoConfiguration$DefaultTemplateResolverConfiguration.checkTemplateLocationExists -
            Cannot find template location: classpath:/templates/ (please add some templates or check your Thymeleaf configuration)
2019-10-04 17:33:26.474 [WARN ] tk.mybatis.spring.mapper.ClassPathMapperScanner.doScan -
            No MyBatis mapper was found in '[cn.reloadgoals.web]' package. Please check your configuration.
2019-10-04 17:33:29.159 [WARN ] org.springframework.boot.autoconfigure.thymeleaf.ThymeleafAutoConfiguration$DefaultTemplateResolverConfiguration.checkTemplateLocationExists -
            Cannot find template location: classpath:/templates/ (please add some templates or check your Thymeleaf configuration)
2019-10-04 17:43:53.068 [WARN ] tk.mybatis.spring.mapper.ClassPathMapperScanner.doScan -
            No MyBatis mapper was found in '[cn.reloadgoals.web]' package. Please check your configuration.
2019-10-04 17:43:55.980 [WARN ] org.springframework.boot.autoconfigure.thymeleaf.ThymeleafAutoConfiguration$DefaultTemplateResolverConfiguration.checkTemplateLocationExists -
            Cannot find template location: classpath:/templates/ (please add some templates or check your Thymeleaf configuration)
2019-10-04 17:49:37.359 [WARN ] tk.mybatis.spring.mapper.ClassPathMapperScanner.doScan -
            No MyBatis mapper was found in '[cn.reloadgoals.web]' package. Please check your configuration.
2019-10-04 17:49:39.840 [WARN ] org.springframework.boot.autoconfigure.thymeleaf.ThymeleafAutoConfiguration$DefaultTemplateResolverConfiguration.checkTemplateLocationExists -
            Cannot find template location: classpath:/templates/ (please add some templates or check your Thymeleaf configuration)
2019-10-04 17:53:17.040 [WARN ] tk.mybatis.spring.mapper.ClassPathMapperScanner.doScan -
            No MyBatis mapper was found in '[cn.reloadgoals.web]' package. Please check your configuration.
2019-10-04 17:53:19.462 [WARN ] org.springframework.boot.autoconfigure.thymeleaf.ThymeleafAutoConfiguration$DefaultTemplateResolverConfiguration.checkTemplateLocationExists -
            Cannot find template location: classpath:/templates/ (please add some templates or check your Thymeleaf configuration)
2019-10-04 17:56:09.628 [WARN ] tk.mybatis.spring.mapper.ClassPathMapperScanner.doScan -
            No MyBatis mapper was found in '[cn.reloadgoals.web]' package. Please check your configuration.
2019-10-04 17:56:12.344 [WARN ] org.springframework.boot.autoconfigure.thymeleaf.ThymeleafAutoConfiguration$DefaultTemplateResolverConfiguration.checkTemplateLocationExists -
            Cannot find template location: classpath:/templates/ (please add some templates or check your Thymeleaf configuration)
2019-10-04 18:01:11.657 [WARN ] tk.mybatis.spring.mapper.ClassPathMapperScanner.doScan -
            No MyBatis mapper was found in '[cn.reloadgoals.web]' package. Please check your configuration.
2019-10-04 18:01:14.293 [WARN ] org.springframework.boot.autoconfigure.thymeleaf.ThymeleafAutoConfiguration$DefaultTemplateResolverConfiguration.checkTemplateLocationExists -
            Cannot find template location: classpath:/templates/ (please add some templates or check your Thymeleaf configuration)
